$ packer build -var-file=./ami-vars-local.json ubuntu-ami.json
amazon-ebs output will be in this color.

==> amazon-ebs: Prevalidating AMI Name: csye6225_1570669888
    amazon-ebs: Found Image ID: ami-0a313d6098716f372
==> amazon-ebs: Creating temporary keypair: packer_5d9e8540-3a95-ce6e-b10b-032eb452e1c0
==> amazon-ebs: Creating temporary security group for this instance: packer_5d9e8542-8ae2-896b-9e8e-bcf0f3b75c20
==> amazon-ebs: Authorizing access to port 22 from [0.0.0.0/0] in the temporary security groups...
==> amazon-ebs: Launching a source AWS instance...
==> amazon-ebs: Adding tags to source instance
    amazon-ebs: Adding tag: "Name": "Packer Builder"
    amazon-ebs: Instance ID: i-0135e1cd0c2ce261e
==> amazon-ebs: Waiting for instance (i-0135e1cd0c2ce261e) to become ready...
==> amazon-ebs: Using ssh communicator to connect: 3.210.203.12
==> amazon-ebs: Waiting for SSH to become available...
==> amazon-ebs: Connected to SSH!
==> amazon-ebs: Provisioning with shell script: /var/folders/n6/5tfrp34s4y1d7l2mnlf40my40000gn/T/packer-shell897973858
    amazon-ebs: Get:1 http://security.ubuntu.com/ubuntu bionic-security InRelease [88.7 kB]
    amazon-ebs: Hit:2 http://archive.ubuntu.com/ubuntu bionic InRelease
    amazon-ebs: Get:3 http://archive.ubuntu.com/ubuntu bionic-updates InRelease [88.7 kB]
    amazon-ebs: Get:4 http://security.ubuntu.com/ubuntu bionic-security/main amd64 Packages [528 kB]
    amazon-ebs: Get:5 http://archive.ubuntu.com/ubuntu bionic-backports InRelease [74.6 kB]
    amazon-ebs: Get:6 http://archive.ubuntu.com/ubuntu bionic/universe amd64 Packages [8570 kB]
    amazon-ebs: Get:7 http://security.ubuntu.com/ubuntu bionic-security/main Translation-en [177 kB]
    amazon-ebs: Get:8 http://security.ubuntu.com/ubuntu bionic-security/restricted amd64 Packages [8404 B]
    amazon-ebs: Get:9 http://security.ubuntu.com/ubuntu bionic-security/restricted Translation-en [3216 B]
    amazon-ebs: Get:10 http://security.ubuntu.com/ubuntu bionic-security/universe amd64 Packages [611 kB]
    amazon-ebs: Get:11 http://archive.ubuntu.com/ubuntu bionic/universe Translation-en [4941 kB]
    amazon-ebs: Get:12 http://security.ubuntu.com/ubuntu bionic-security/universe Translation-en [204 kB]
    amazon-ebs: Get:13 http://archive.ubuntu.com/ubuntu bionic/multiverse amd64 Packages [151 kB]
    amazon-ebs: Get:14 http://security.ubuntu.com/ubuntu bionic-security/multiverse amd64 Packages [5040 B]
    amazon-ebs: Get:15 http://security.ubuntu.com/ubuntu bionic-security/multiverse Translation-en [2428 B]
    amazon-ebs: Get:16 http://archive.ubuntu.com/ubuntu bionic/multiverse Translation-en [108 kB]
    amazon-ebs: Get:17 http://archive.ubuntu.com/ubuntu bionic-updates/main amd64 Packages [752 kB]
    amazon-ebs: Get:18 http://archive.ubuntu.com/ubuntu bionic-updates/main Translation-en [270 kB]
    amazon-ebs: Get:19 http://archive.ubuntu.com/ubuntu bionic-updates/restricted amd64 Packages [15.7 kB]
    amazon-ebs: Get:20 http://archive.ubuntu.com/ubuntu bionic-updates/restricted Translation-en [4956 B]
    amazon-ebs: Get:21 http://archive.ubuntu.com/ubuntu bionic-updates/universe amd64 Packages [1010 kB]
    amazon-ebs: Get:22 http://archive.ubuntu.com/ubuntu bionic-updates/universe Translation-en [311 kB]
    amazon-ebs: Get:23 http://archive.ubuntu.com/ubuntu bionic-updates/multiverse amd64 Packages [7668 B]
    amazon-ebs: Get:24 http://archive.ubuntu.com/ubuntu bionic-updates/multiverse Translation-en [3904 B]
    amazon-ebs: Get:25 http://archive.ubuntu.com/ubuntu bionic-backports/main amd64 Packages [2512 B]
    amazon-ebs: Get:26 http://archive.ubuntu.com/ubuntu bionic-backports/main Translation-en [1644 B]
    amazon-ebs: Get:27 http://archive.ubuntu.com/ubuntu bionic-backports/universe amd64 Packages [4020 B]
    amazon-ebs: Get:28 http://archive.ubuntu.com/ubuntu bionic-backports/universe Translation-en [1856 B]
    amazon-ebs: Fetched 17.9 MB in 9s (1977 kB/s)
    amazon-ebs: Reading package lists...
    amazon-ebs: Reading package lists...
    amazon-ebs: Building dependency tree...
    amazon-ebs: Reading state information...
    amazon-ebs: Some packages could not be installed. This may mean that you have
    amazon-ebs: requested an impossible situation or if you are using the unstable
    amazon-ebs: distribution that some required packages have not yet been created
    amazon-ebs: or been moved out of Incoming.
    amazon-ebs: The following information may help to resolve the situation:
    amazon-ebs:
    amazon-ebs: The following packages have unmet dependencies:
    amazon-ebs:  apache2 : Depends: apache2-bin (= 2.4.29-1ubuntu4.11) but it is not going to be installed
    amazon-ebs:            Depends: apache2-utils (= 2.4.29-1ubuntu4.11) but it is not going to be installed
    amazon-ebs:            Recommends: ssl-cert but it is not installable
==> amazon-ebs: E: Unable to correct problems, you have held broken packages.
==> amazon-ebs: Provisioning step had errors: Running the cleanup provisioner, if present...
==> amazon-ebs: Terminating the source AWS instance...
==> amazon-ebs: Cleaning up any extra volumes...
==> amazon-ebs: No volumes to clean up, skipping
==> amazon-ebs: Deleting temporary security group...
==> amazon-ebs: Deleting temporary keypair...
Build 'amazon-ebs' errored: Script exited with non-zero exit status: 100.Allowed exit codes are: [0]

==> Some builds didn't complete successfully and had errors:
--> amazon-ebs: Script exited with non-zero exit status: 100.Allowed exit codes are: [0]

==> Builds finished but no artifacts were created.
➜  fall2019-ami git:(master) ✗ packer build -var-file=./ami-vars-local.json ubuntu-ami.json
amazon-ebs output will be in this color.

==> amazon-ebs: Prevalidating AMI Name: csye6225_1570670107
    amazon-ebs: Found Image ID: ami-04b9e92b5572fa0d1
==> amazon-ebs: Creating temporary keypair: packer_5d9e861b-4f0f-ec8e-63ba-142e29379ef5
==> amazon-ebs: Creating temporary security group for this instance: packer_5d9e861d-48e9-68f7-c865-8e8a1d3d0a3b
==> amazon-ebs: Authorizing access to port 22 from [0.0.0.0/0] in the temporary security groups...
==> amazon-ebs: Launching a source AWS instance...
==> amazon-ebs: Adding tags to source instance
    amazon-ebs: Adding tag: "Name": "Packer Builder"
    amazon-ebs: Instance ID: i-0e3f01aa4cc1e3048
==> amazon-ebs: Waiting for instance (i-0e3f01aa4cc1e3048) to become ready...
==> amazon-ebs: Using ssh communicator to connect: 3.231.53.247
==> amazon-ebs: Waiting for SSH to become available...
==> amazon-ebs: Connected to SSH!
==> amazon-ebs: Provisioning with shell script: /var/folders/n6/5tfrp34s4y1d7l2mnlf40my40000gn/T/packer-shell125998910
    amazon-ebs: Get:1 http://security.ubuntu.com/ubuntu bionic-security InRelease [88.7 kB]
    amazon-ebs: Hit:2 http://archive.ubuntu.com/ubuntu bionic InRelease
    amazon-ebs: Get:3 http://archive.ubuntu.com/ubuntu bionic-updates InRelease [88.7 kB]
    amazon-ebs: Get:4 http://archive.ubuntu.com/ubuntu bionic-backports InRelease [74.6 kB]
    amazon-ebs: Get:5 http://security.ubuntu.com/ubuntu bionic-security/main amd64 Packages [528 kB]
    amazon-ebs: Get:6 http://archive.ubuntu.com/ubuntu bionic/universe amd64 Packages [8570 kB]
    amazon-ebs: Get:7 http://security.ubuntu.com/ubuntu bionic-security/main Translation-en [177 kB]
    amazon-ebs: Get:8 http://security.ubuntu.com/ubuntu bionic-security/restricted amd64 Packages [8404 B]
    amazon-ebs: Get:9 http://archive.ubuntu.com/ubuntu bionic/universe Translation-en [4941 kB]
    amazon-ebs: Get:10 http://security.ubuntu.com/ubuntu bionic-security/restricted Translation-en [3216 B]
    amazon-ebs: Get:11 http://security.ubuntu.com/ubuntu bionic-security/universe amd64 Packages [611 kB]
    amazon-ebs: Get:12 http://archive.ubuntu.com/ubuntu bionic/multiverse amd64 Packages [151 kB]
    amazon-ebs: Get:13 http://archive.ubuntu.com/ubuntu bionic/multiverse Translation-en [108 kB]
    amazon-ebs: Get:14 http://security.ubuntu.com/ubuntu bionic-security/universe Translation-en [204 kB]
    amazon-ebs: Get:15 http://archive.ubuntu.com/ubuntu bionic-updates/main amd64 Packages [752 kB]
    amazon-ebs: Get:16 http://security.ubuntu.com/ubuntu bionic-security/multiverse amd64 Packages [5040 B]
    amazon-ebs: Get:17 http://security.ubuntu.com/ubuntu bionic-security/multiverse Translation-en [2428 B]
    amazon-ebs: Get:18 http://archive.ubuntu.com/ubuntu bionic-updates/main Translation-en [270 kB]
    amazon-ebs: Get:19 http://archive.ubuntu.com/ubuntu bionic-updates/restricted amd64 Packages [15.7 kB]
    amazon-ebs: Get:20 http://archive.ubuntu.com/ubuntu bionic-updates/restricted Translation-en [4956 B]
    amazon-ebs: Get:21 http://archive.ubuntu.com/ubuntu bionic-updates/universe amd64 Packages [1010 kB]
    amazon-ebs: Get:22 http://archive.ubuntu.com/ubuntu bionic-updates/universe Translation-en [311 kB]
    amazon-ebs: Get:23 http://archive.ubuntu.com/ubuntu bionic-updates/multiverse amd64 Packages [7668 B]
    amazon-ebs: Get:24 http://archive.ubuntu.com/ubuntu bionic-updates/multiverse Translation-en [3904 B]
    amazon-ebs: Get:25 http://archive.ubuntu.com/ubuntu bionic-backports/main amd64 Packages [2512 B]
    amazon-ebs: Get:26 http://archive.ubuntu.com/ubuntu bionic-backports/main Translation-en [1644 B]
    amazon-ebs: Get:27 http://archive.ubuntu.com/ubuntu bionic-backports/universe amd64 Packages [4020 B]
    amazon-ebs: Get:28 http://archive.ubuntu.com/ubuntu bionic-backports/universe Translation-en [1856 B]
    amazon-ebs: Fetched 17.9 MB in 9s (1970 kB/s)
    amazon-ebs: Reading package lists...
    amazon-ebs: Reading package lists...
    amazon-ebs: Building dependency tree...
    amazon-ebs: Reading state information...
    amazon-ebs: The following additional packages will be installed:
    amazon-ebs:   apache2-bin apache2-data apache2-utils libapr1 libaprutil1
    amazon-ebs:   libaprutil1-dbd-sqlite3 libaprutil1-ldap liblua5.2-0 ssl-cert
    amazon-ebs: Suggested packages:
    amazon-ebs:   www-browser apache2-doc apache2-suexec-pristine | apache2-suexec-custom
    amazon-ebs:   openssl-blacklist
    amazon-ebs: The following NEW packages will be installed:
    amazon-ebs:   apache2 apache2-bin apache2-data apache2-utils libapr1 libaprutil1
    amazon-ebs:   libaprutil1-dbd-sqlite3 libaprutil1-ldap liblua5.2-0 ssl-cert
    amazon-ebs: 0 upgraded, 10 newly installed, 0 to remove and 9 not upgraded.
    amazon-ebs: Need to get 1730 kB of archives.
    amazon-ebs: After this operation, 6982 kB of additional disk space will be used.
    amazon-ebs: Get:1 http://us-east-1.ec2.archive.ubuntu.com/ubuntu bionic/main amd64 libapr1 amd64 1.6.3-2 [90.9 kB]
    amazon-ebs: Get:2 http://us-east-1.ec2.archive.ubuntu.com/ubuntu bionic/main amd64 libaprutil1 amd64 1.6.1-2 [84.4 kB]
    amazon-ebs: Get:3 http://us-east-1.ec2.archive.ubuntu.com/ubuntu bionic/main amd64 libaprutil1-dbd-sqlite3 amd64 1.6.1-2 [10.6 kB]
    amazon-ebs: Get:4 http://us-east-1.ec2.archive.ubuntu.com/ubuntu bionic/main amd64 libaprutil1-ldap amd64 1.6.1-2 [8764 B]
    amazon-ebs: Get:5 http://us-east-1.ec2.archive.ubuntu.com/ubuntu bionic/main amd64 liblua5.2-0 amd64 5.2.4-1.1build1 [108 kB]
    amazon-ebs: Get:6 http://us-east-1.ec2.archive.ubuntu.com/ubuntu bionic-updates/main amd64 apache2-bin amd64 2.4.29-1ubuntu4.11 [1071 kB]
    amazon-ebs: Get:7 http://us-east-1.ec2.archive.ubuntu.com/ubuntu bionic-updates/main amd64 apache2-utils amd64 2.4.29-1ubuntu4.11 [83.9 kB]
    amazon-ebs: Get:8 http://us-east-1.ec2.archive.ubuntu.com/ubuntu bionic-updates/main amd64 apache2-data all 2.4.29-1ubuntu4.11 [160 kB]
    amazon-ebs: Get:9 http://us-east-1.ec2.archive.ubuntu.com/ubuntu bionic-updates/main amd64 apache2 amd64 2.4.29-1ubuntu4.11 [95.1 kB]
    amazon-ebs: Get:10 http://us-east-1.ec2.archive.ubuntu.com/ubuntu bionic/main amd64 ssl-cert all 1.0.39 [17.0 kB]
==> amazon-ebs: debconf: unable to initialize frontend: Dialog
==> amazon-ebs: debconf: (Dialog frontend will not work on a dumb terminal, an emacs shell buffer, or without a controlling terminal.)
==> amazon-ebs: debconf: falling back to frontend: Readline
==> amazon-ebs: debconf: unable to initialize frontend: Readline
==> amazon-ebs: debconf: (This frontend requires a controlling tty.)
==> amazon-ebs: debconf: falling back to frontend: Teletype
==> amazon-ebs: dpkg-preconfigure: unable to re-open stdin:
    amazon-ebs: Fetched 1730 kB in 0s (39.7 MB/s)
    amazon-ebs: Selecting previously unselected package libapr1:amd64.
    amazon-ebs: (Reading database ... 56531 files and directories currently installed.)
    amazon-ebs: Preparing to unpack .../0-libapr1_1.6.3-2_amd64.deb ...
    amazon-ebs: Unpacking libapr1:amd64 (1.6.3-2) ...
    amazon-ebs: Selecting previously unselected package libaprutil1:amd64.
    amazon-ebs: Preparing to unpack .../1-libaprutil1_1.6.1-2_amd64.deb ...
    amazon-ebs: Unpacking libaprutil1:amd64 (1.6.1-2) ...
    amazon-ebs: Selecting previously unselected package libaprutil1-dbd-sqlite3:amd64.
    amazon-ebs: Preparing to unpack .../2-libaprutil1-dbd-sqlite3_1.6.1-2_amd64.deb ...
    amazon-ebs: Unpacking libaprutil1-dbd-sqlite3:amd64 (1.6.1-2) ...
    amazon-ebs: Selecting previously unselected package libaprutil1-ldap:amd64.
    amazon-ebs: Preparing to unpack .../3-libaprutil1-ldap_1.6.1-2_amd64.deb ...
    amazon-ebs: Unpacking libaprutil1-ldap:amd64 (1.6.1-2) ...
    amazon-ebs: Selecting previously unselected package liblua5.2-0:amd64.
    amazon-ebs: Preparing to unpack .../4-liblua5.2-0_5.2.4-1.1build1_amd64.deb ...
    amazon-ebs: Unpacking liblua5.2-0:amd64 (5.2.4-1.1build1) ...
    amazon-ebs: Selecting previously unselected package apache2-bin.
    amazon-ebs: Preparing to unpack .../5-apache2-bin_2.4.29-1ubuntu4.11_amd64.deb ...
    amazon-ebs: Unpacking apache2-bin (2.4.29-1ubuntu4.11) ...
    amazon-ebs: Selecting previously unselected package apache2-utils.
    amazon-ebs: Preparing to unpack .../6-apache2-utils_2.4.29-1ubuntu4.11_amd64.deb ...
    amazon-ebs: Unpacking apache2-utils (2.4.29-1ubuntu4.11) ...
    amazon-ebs: Selecting previously unselected package apache2-data.
    amazon-ebs: Preparing to unpack .../7-apache2-data_2.4.29-1ubuntu4.11_all.deb ...
    amazon-ebs: Unpacking apache2-data (2.4.29-1ubuntu4.11) ...
    amazon-ebs: Selecting previously unselected package apache2.
    amazon-ebs: Preparing to unpack .../8-apache2_2.4.29-1ubuntu4.11_amd64.deb ...
    amazon-ebs: Unpacking apache2 (2.4.29-1ubuntu4.11) ...
    amazon-ebs: Selecting previously unselected package ssl-cert.
    amazon-ebs: Preparing to unpack .../9-ssl-cert_1.0.39_all.deb ...
    amazon-ebs: Unpacking ssl-cert (1.0.39) ...
    amazon-ebs: Setting up libapr1:amd64 (1.6.3-2) ...
    amazon-ebs: Setting up apache2-data (2.4.29-1ubuntu4.11) ...
    amazon-ebs: Setting up ssl-cert (1.0.39) ...
    amazon-ebs: debconf: unable to initialize frontend: Dialog
    amazon-ebs: debconf: (Dialog frontend will not work on a dumb terminal, an emacs shell buffer, or without a controlling terminal.)
    amazon-ebs: debconf: falling back to frontend: Readline
    amazon-ebs: Setting up libaprutil1:amd64 (1.6.1-2) ...
    amazon-ebs: Setting up liblua5.2-0:amd64 (5.2.4-1.1build1) ...
    amazon-ebs: Setting up libaprutil1-ldap:amd64 (1.6.1-2) ...
    amazon-ebs: Setting up libaprutil1-dbd-sqlite3:amd64 (1.6.1-2) ...
    amazon-ebs: Setting up apache2-utils (2.4.29-1ubuntu4.11) ...
    amazon-ebs: Setting up apache2-bin (2.4.29-1ubuntu4.11) ...
    amazon-ebs: Setting up apache2 (2.4.29-1ubuntu4.11) ...
    amazon-ebs: Enabling module mpm_event.
    amazon-ebs: Enabling module authz_core.
    amazon-ebs: Enabling module authz_host.
    amazon-ebs: Enabling module authn_core.
    amazon-ebs: Enabling module auth_basic.
    amazon-ebs: Enabling module access_compat.
    amazon-ebs: Enabling module authn_file.
    amazon-ebs: Enabling module authz_user.
    amazon-ebs: Enabling module alias.
    amazon-ebs: Enabling module dir.
    amazon-ebs: Enabling module autoindex.
    amazon-ebs: Enabling module env.
    amazon-ebs: Enabling module mime.
    amazon-ebs: Enabling module negotiation.
    amazon-ebs: Enabling module setenvif.
    amazon-ebs: Enabling module filter.
    amazon-ebs: Enabling module deflate.
    amazon-ebs: Enabling module status.
    amazon-ebs: Enabling module reqtimeout.
    amazon-ebs: Enabling conf charset.
    amazon-ebs: Enabling conf localized-error-pages.
    amazon-ebs: Enabling conf other-vhosts-access-log.
    amazon-ebs: Enabling conf security.
    amazon-ebs: Enabling conf serve-cgi-bin.
    amazon-ebs: Enabling site 000-default.
    amazon-ebs: Created symlink /etc/systemd/system/multi-user.target.wants/apache2.service → /lib/systemd/system/apache2.service.
    amazon-ebs: Created symlink /etc/systemd/system/multi-user.target.wants/apache-htcacheclean.service → /lib/systemd/system/apache-htcacheclean.service.
    amazon-ebs: Processing triggers for libc-bin (2.27-3ubuntu1) ...
    amazon-ebs: Processing triggers for systemd (237-3ubuntu10.29) ...
    amazon-ebs: Processing triggers for man-db (2.8.3-2ubuntu0.1) ...
    amazon-ebs: Processing triggers for ufw (0.36-0ubuntu0.18.04.1) ...
    amazon-ebs: Processing triggers for ureadahead (0.100.0-21) ...
==> amazon-ebs: Stopping the source instance...
    amazon-ebs: Stopping instance
==> amazon-ebs: Waiting for the instance to stop...
==> amazon-ebs: Creating AMI csye6225_1570670107 from instance i-0e3f01aa4cc1e3048
    amazon-ebs: AMI: ami-09dcfaed9b21fb971
==> amazon-ebs: Waiting for AMI to become ready...
==> amazon-ebs: Modifying attributes on AMI (ami-09dcfaed9b21fb971)...
    amazon-ebs: Modifying: description
==> amazon-ebs: Modifying attributes on snapshot (snap-0602f8616f96b2107)...
==> amazon-ebs: Terminating the source AWS instance...
==> amazon-ebs: Cleaning up any extra volumes...
==> amazon-ebs: No volumes to clean up, skipping
==> amazon-ebs: Deleting temporary security group...
==> amazon-ebs: Deleting temporary keypair...
Build 'amazon-ebs' finished.

==> Builds finished. The artifacts of successful builds are:
--> amazon-ebs: AMIs were created:
us-east-1: ami-09dcfaed9b21fb971